spawn qemu-system-x86_64 -nographic --serial mon:stdio -hdc kernel/kernel.img -hdd fat439/user.img
x
What just happened? Who am I? Why am I here?
I am K439, welcome to my world
I have a heap
[] Process tracing enabled
Pit::init freq=1000HZ, divide=1193
Pit::init requested:1000Hz, actual:1000Hz
[] loaded driver for hdd
in Fat439Directory constructor
[] initialized root filesystem
[] Let there be processes
shell:/$ ls
mkdir.c
mkdir
shutdown
shutdown.c
shell.c
shell
ls.c
ls
echo
echo.c
cat.c
cat
f1.txt
f2.txt
panic
shell:/$ mkdir DIR1
resizing
shell:/$ mkdir DIR2
resizing
shell:/$ mkdir DIR3
resizing
shell:/$ mkdir DIR4
resizing
shell:/$ cd DIR4
shell:/DIR4/$ cd ../
shell:/$ shutdown

*** System Shutdown ***
